<?xml version="1.0" encoding="UTF-8"?>
<testsuite xmlns:xsi="http://www.w3.org/2001/XMLSchema-instance" xsi:schemaLocation="https://maven.apache.org/surefire/maven-surefire-plugin/xsd/surefire-test-report.xsd" name="com.takehome.api.PushAndRecalculateTest" time="0.009" tests="4" errors="0" skipped="0" failures="0">
  <properties>
[...]
</properties>
  <testcase name="testMean" classname="com.takehome.api.PushAndRecalculateTest" time="0.002"/>
  <testcase name="testNegatives" classname="com.takehome.api.PushAndRecalculateTest" time="0.001"/>
  <testcase name="testStandardDeviation" classname="com.takehome.api.PushAndRecalculateTest" time="0.001"/>
  <testcase name="testZeroes" classname="com.takehome.api.PushAndRecalculateTest" time="0.001"/>
</testsuite>