<?xml version="1.0" encoding="UTF-8"?>
<testsuite xmlns:xsi="http://www.w3.org/2001/XMLSchema-instance" xsi:schemaLocation="https://maven.apache.org/surefire/maven-surefire-plugin/xsd/surefire-test-report.xsd" name="com.takehome.api.DecryptTest" time="0.012" tests="2" errors="0" skipped="0" failures="0">
  <properties>
[...]
</properties>
  <testcase name="decryptMeanTest" classname="com.takehome.api.DecryptTest" time="0.008"/>
  <testcase name="decryptStandardDeviationTest" classname="com.takehome.api.DecryptTest" time="0.003"/>
</testsuite>